<?xml version="1.0" encoding="UTF-8"?>
<testsuite name="HammingTest" tests="7" skipped="0" failures="0" errors="0" timestamp="2022-04-01T20:19:26" hostname="Suat-MacBook-Pro.local" time="0.022">
  <properties/>
  <testcase name="single letter identical strands" classname="HammingTest" time="0.017"/>
  <testcase name="empty strands" classname="HammingTest" time="0.0"/>
  <testcase name="long different strands" classname="HammingTest" time="0.0"/>
  <testcase name="disallow first strand longer" classname="HammingTest" time="0.004"/>
  <testcase name="long identical strands" classname="HammingTest" time="0.001"/>
  <testcase name="disallow second strand longer" classname="HammingTest" time="0.0"/>
  <testcase name="single letter different strands" classname="HammingTest" time="0.0"/>
  <system-out><![CDATA[]]></system-out>
  <system-err><![CDATA[]]></system-err>
</testsuite>
