<?xml version="1.0" encoding="UTF-8"?>
<testsuite name="TwoFerTest" tests="1" skipped="1" failures="0" errors="0" timestamp="2022-04-01T19:46:37" hostname="Suat-MacBook-Pro.local" time="0.001">
  <properties/>
  <testcase name="aNameGiven" classname="TwoFerTest" time="0.001">
    <skipped/>
  </testcase>
  <system-out><![CDATA[]]></system-out>
  <system-err><![CDATA[]]></system-err>
</testsuite>
